<?xml version="1.0" encoding="UTF-8"?>
<!-- Generated by org.testng.reporters.JUnitReportReporter -->
<testsuite hostname="DESKTOP-2VPR9IB" failures="0" tests="2" name="SeleniumFremwork.MytestListner" time="7.161" errors="0" timestamp="2024-12-11T06:07:57 PST" skipped="0">
  <testcase classname="SeleniumFremwork.MytestListner" name="homepage" time="3.163"/>
  <system-out/>
  <testcase classname="SeleniumFremwork.MytestListner" name="titleOfThePage" time="3.998"/>
  <system-out/>
</testsuite> <!-- SeleniumFremwork.MytestListner -->
