<?xml version="1.0" encoding="UTF-8"?>
<!-- Generated by org.testng.reporters.JUnitReportReporter -->
<testsuite hostname="DESKTOP-2VPR9IB" failures="0" tests="1" name="TestClass.test" time="4.421" errors="0" timestamp="2024-12-11T06:23:44 PST" skipped="0">
  <testcase classname="TestClass.test" name="test" time="4.421"/>
  <system-out/>
</testsuite> <!-- TestClass.test -->
